2023-08-18T00:33:10.081Z - info: [ui] [BranchPruner] No branches to prune.
2023-08-18T00:33:10.234Z - info: [ui] Stats reported.
2023-08-18T01:34:08.251Z - info: [ui] [RepositoryIndicatorUpdater]: Refreshing sidebar indicators for 2 repositories took 0.5s of which 0.0s paused, total 0.5s
2023-08-18T01:43:44.659Z - error: [ui] Could not load old contents for syntax highlighting
RangeError [ERR_CHILD_PROCESS_STDIO_MAXBUFFER]: stdout maxBuffer length exceeded
    at __node_internal_captureLargerStackTrace (node:internal/errors:464:5)
    at new NodeError (node:internal/errors:371:5)
    at Socket.onChildStdout (node:child_process:470:14)
    at Socket.emit (node:events:538:35)
    at addChunk (node:internal/streams/readable:315:12)
    at readableAddChunk (node:internal/streams/readable:285:11)
    at Socket.Readable.push (node:internal/streams/readable:228:10)
    at Pipe.onStreamRead (node:internal/stream_base_commons:190:23)
2023-08-18T04:13:22.288Z - info: [ui] [RepositoryIndicatorUpdater]: Refreshing sidebar indicators for 2 repositories took 0.5s of which 0.0s paused, total 0.5s
2023-08-18T04:33:10.029Z - info: [ui] [BranchPruner] Last prune took place 4 hours ago - skipping
2023-08-18T08:33:10.020Z - info: [ui] [BranchPruner] Last prune took place 8 hours ago - skipping
2023-08-18T12:32:18.501Z - info: [ui] [RepositoryIndicatorUpdater]: Refreshing sidebar indicators for 2 repositories took 0.6s of which 0.0s paused, total 0.6s
2023-08-18T12:32:27.086Z - info: [ui] [Timing] Action 'create commit' for 'ppatoria/finra-exams' took 0.356s
2023-08-18T12:33:10.020Z - info: [ui] [BranchPruner] Last prune took place 12 hours ago - skipping
2023-08-18T12:47:47.844Z - info: [ui] [RepositoryIndicatorUpdater]: Refreshing sidebar indicators for 2 repositories took 0.3s of which 0.0s paused, total 0.3s
2023-08-18T13:03:17.502Z - info: [ui] [RepositoryIndicatorUpdater]: Refreshing sidebar indicators for 2 repositories took 0.3s of which 0.0s paused, total 0.3s
2023-08-18T13:18:47.503Z - info: [ui] [RepositoryIndicatorUpdater]: Refreshing sidebar indicators for 2 repositories took 0.6s of which 0.0s paused, total 0.6s
2023-08-18T13:34:16.854Z - info: [ui] [RepositoryIndicatorUpdater]: Refreshing sidebar indicators for 2 repositories took 0.3s of which 0.0s paused, total 0.3s
2023-08-18T13:51:37.656Z - info: [ui] [RepositoryIndicatorUpdater]: Refreshing sidebar indicators for 2 repositories took 0.4s of which 0.0s paused, total 0.4s
2023-08-18T13:52:24.179Z - info: [ui] No submodules found. Skipping "git submodule status"
2023-08-18T16:33:10.030Z - info: [ui] [BranchPruner] Last prune took place 16 hours ago - skipping
2023-08-18T20:33:10.043Z - info: [ui] [BranchPruner] Last prune took place 20 hours ago - skipping
