2023-08-14T18:07:45.544Z - info: [ui] [AppStore] loading 3 repositories from store
2023-08-14T18:07:45.548Z - info: [ui] [AppStore] found account: ppatoria (ppatoria)
2023-08-14T18:07:45.653Z - info: [ui] [BranchPruner] No branches to prune.
2023-08-14T18:07:45.769Z - info: [ui] launching: 3.1.1-linux1 (Linux 6.2.0-23-generic)
2023-08-14T18:07:45.775Z - info: [ui] execPath: '/usr/lib/github-desktop/github-desktop'
2023-08-14T18:07:46.411Z - info: [ui] Stats reported.
2023-08-14T18:07:46.440Z - info: [ui] Subscribed 'ppatoria' to Alive channel
2023-08-14T18:09:50.164Z - info: [ui] [RepositoryIndicatorUpdater]: Refreshing sidebar indicators for 2 repositories took 0.6s of which 0.0s paused, total 0.6s
2023-08-14T18:10:32.375Z - error: [ui] Could not load old contents for syntax highlighting
RangeError [ERR_CHILD_PROCESS_STDIO_MAXBUFFER]: stdout maxBuffer length exceeded
    at __node_internal_captureLargerStackTrace (node:internal/errors:464:5)
    at new NodeError (node:internal/errors:371:5)
    at Socket.onChildStdout (node:child_process:470:14)
    at Socket.emit (node:events:538:35)
    at addChunk (node:internal/streams/readable:315:12)
    at readableAddChunk (node:internal/streams/readable:285:11)
    at Socket.Readable.push (node:internal/streams/readable:228:10)
    at Pipe.onStreamRead (node:internal/stream_base_commons:190:23)
2023-08-14T18:10:32.627Z - info: [ui] [BranchPruner] No branches to prune.
2023-08-14T18:10:49.752Z - info: [ui] No submodules found. Skipping "git submodule status"
2023-08-14T18:10:49.874Z - error: [ui] Could not load old contents for syntax highlighting
RangeError [ERR_CHILD_PROCESS_STDIO_MAXBUFFER]: stdout maxBuffer length exceeded
    at __node_internal_captureLargerStackTrace (node:internal/errors:464:5)
    at new NodeError (node:internal/errors:371:5)
    at Socket.onChildStdout (node:child_process:470:14)
    at Socket.emit (node:events:538:35)
    at addChunk (node:internal/streams/readable:315:12)
    at readableAddChunk (node:internal/streams/readable:285:11)
    at Socket.Readable.push (node:internal/streams/readable:228:10)
    at Pipe.onStreamRead (node:internal/stream_base_commons:190:23)
2023-08-14T18:11:31.310Z - info: [ui] [Timing] Action 'create commit' for 'ppatoria/finra-exams' took 0.089s
2023-08-14T18:28:21.470Z - info: [ui] [RepositoryIndicatorUpdater]: Refreshing sidebar indicators for 2 repositories took 0.4s of which 0.0s paused, total 0.4s
2023-08-14T18:42:09.895Z - info: [ui] Executing updateRemoteHEAD: git -c credential.helper= remote set-head -a origin (took 1.030s)
2023-08-14T18:44:32.419Z - info: [ui] [RepositoryIndicatorUpdater]: Refreshing sidebar indicators for 2 repositories took 0.5s of which 0.0s paused, total 0.5s
2023-08-14T18:44:59.040Z - info: [ui] [Timing] Action 'create commit' for 'ppatoria/finra-exams' took 0.071s
2023-08-14T22:10:32.660Z - info: [ui] [BranchPruner] Last prune took place 4 hours ago - skipping
