0 verbose cli /snap/node/7588/bin/node /snap/node/7588/bin/npm
1 info using npm@9.5.1
2 info using node@v18.16.1
3 timing npm:load:whichnode Completed in 1ms
4 timing config:load:defaults Completed in 1ms
5 timing config:load:file:/snap/node/7588/lib/node_modules/npm/npmrc Completed in 0ms
6 timing config:load:builtin Completed in 0ms
7 timing config:load:cli Completed in 2ms
8 timing config:load:env Completed in 0ms
9 timing config:load:project Completed in 1ms
10 timing config:load:file:/home/ppatoria/.npmrc Completed in 0ms
11 timing config:load:user Completed in 0ms
12 timing config:load:file:/snap/node/7588/etc/npmrc Completed in 1ms
13 timing config:load:global Completed in 1ms
14 timing config:load:setEnvs Completed in 0ms
15 timing config:load Completed in 6ms
16 timing npm:load:configload Completed in 6ms
17 timing npm:load:mkdirpcache Completed in 0ms
18 timing npm:load:mkdirplogs Completed in 1ms
19 verbose title npm install npm@9.8.0
20 verbose argv "install" "--global" "npm@9.8.0"
21 timing npm:load:setTitle Completed in 0ms
22 timing config:load:flatten Completed in 2ms
23 timing npm:load:display Completed in 3ms
24 verbose logfile logs-max:10 dir:/home/ppatoria/.npm/_logs/2023-07-10T04_26_14_411Z-
25 verbose logfile /home/ppatoria/.npm/_logs/2023-07-10T04_26_14_411Z-debug-0.log
26 timing npm:load:logFile Completed in 3ms
27 timing npm:load:timers Completed in 0ms
28 timing npm:load:configScope Completed in 0ms
29 timing npm:load Completed in 14ms
30 timing config:load:flatten Completed in 0ms
31 silly logfile done cleaning log files
32 http fetch GET 200 https://registry.npmjs.org/npm 1995ms (cache miss)
33 timing arborist:ctor Completed in 0ms
34 timing idealTree:init Completed in 4ms
35 timing idealTree:userRequests Completed in 1ms
36 silly idealTree buildDeps
37 silly fetch manifest npm@9.8.0
38 http fetch GET 200 https://registry.npmjs.org/npm 33ms (cache hit)
39 silly placeDep ROOT npm@9.8.0 OK for:  want: 9.8.0
40 timing idealTree:#root Completed in 50ms
41 timing idealTree:node_modules/npm Completed in 0ms
42 timing idealTree:buildDeps Completed in 51ms
43 timing idealTree:fixDepFlags Completed in 1ms
44 timing idealTree Completed in 57ms
45 timing reify:loadTrees Completed in 61ms
46 timing reify:diffTrees Completed in 1ms
47 silly reify moves {}
48 timing reify:retireShallow Completed in 0ms
49 timing reify:rollback:createSparse Completed in 0ms
50 timing reify:rollback:retireShallow Completed in 0ms
51 timing command:install Completed in 2092ms
52 verbose stack Error: EACCES: permission denied, mkdir '/usr/local/lib/node_modules/npm'
53 verbose cwd /etc/apt/sources.list.d
54 verbose Linux 6.2.0-23-generic
55 verbose node v18.16.1
56 verbose npm  v9.5.1
57 error code EACCES
58 error syscall mkdir
59 error path /usr/local/lib/node_modules/npm
60 error errno -13
61 error [Error: EACCES: permission denied, mkdir '/usr/local/lib/node_modules/npm'] {
61 error   errno: -13,
61 error   code: 'EACCES',
61 error   syscall: 'mkdir',
61 error   path: '/usr/local/lib/node_modules/npm'
61 error }
62 error
62 error The operation was rejected by your operating system.
62 error It is likely you do not have the permissions to access this file as the current user
62 error
62 error If you believe this might be a permissions issue, please double-check the
62 error permissions of the file and its containing directories, or try running
62 error the command again as root/Administrator.
63 verbose exit -13
64 timing npm Completed in 2118ms
65 verbose unfinished npm timer reify 1688963176460
66 verbose unfinished npm timer reify:createSparse 1688963176524
67 verbose code -13
68 error A complete log of this run can be found in:
68 error     /home/ppatoria/.npm/_logs/2023-07-10T04_26_14_411Z-debug-0.log
