0 verbose cli /snap/node/7588/bin/node /snap/node/7588/bin/npm
1 info using npm@9.5.1
2 info using node@v18.16.1
3 timing npm:load:whichnode Completed in 1ms
4 timing config:load:defaults Completed in 1ms
5 timing config:load:file:/snap/node/7588/lib/node_modules/npm/npmrc Completed in 1ms
6 timing config:load:builtin Completed in 1ms
7 timing config:load:cli Completed in 1ms
8 timing config:load:env Completed in 0ms
9 timing config:load:project Completed in 2ms
10 timing config:load:file:/home/ppatoria/.npmrc Completed in 0ms
11 timing config:load:user Completed in 0ms
12 timing config:load:file:/snap/node/7588/etc/npmrc Completed in 1ms
13 timing config:load:global Completed in 1ms
14 timing config:load:setEnvs Completed in 1ms
15 timing config:load Completed in 7ms
16 timing npm:load:configload Completed in 7ms
17 timing npm:load:mkdirpcache Completed in 0ms
18 timing npm:load:mkdirplogs Completed in 0ms
19 verbose title npm install mermaid.cli
20 verbose argv "install" "--global" "mermaid.cli"
21 timing npm:load:setTitle Completed in 1ms
22 timing config:load:flatten Completed in 2ms
23 timing npm:load:display Completed in 2ms
24 verbose logfile logs-max:10 dir:/home/ppatoria/.npm/_logs/2023-07-10T04_33_49_928Z-
25 verbose logfile /home/ppatoria/.npm/_logs/2023-07-10T04_33_49_928Z-debug-0.log
26 timing npm:load:logFile Completed in 4ms
27 timing npm:load:timers Completed in 0ms
28 timing npm:load:configScope Completed in 0ms
29 timing npm:load Completed in 15ms
30 timing config:load:flatten Completed in 1ms
31 timing arborist:ctor Completed in 0ms
32 silly logfile done cleaning log files
33 timing idealTree:init Completed in 4ms
34 timing idealTree:userRequests Completed in 2ms
35 silly idealTree buildDeps
36 silly fetch manifest mermaid.cli@*
37 http fetch GET 200 https://registry.npmjs.org/npm 164ms (cache revalidated)
38 http fetch GET 200 https://registry.npmjs.org/mermaid.cli 779ms (cache miss)
39 silly placeDep ROOT mermaid.cli@0.5.1 OK for:  want: *
40 silly fetch manifest chalk@^2.4.1
41 silly fetch manifest commander@^2.15.1
42 silly fetch manifest puppeteer@^1.4.0
43 http fetch GET 200 https://registry.npmjs.org/chalk 107ms (cache miss)
44 http fetch GET 200 https://registry.npmjs.org/commander 560ms (cache miss)
45 http fetch GET 200 https://registry.npmjs.org/puppeteer 2223ms (cache miss)
46 timing idealTree:#root Completed in 3040ms
47 silly placeDep node_modules/mermaid.cli chalk@2.4.2 OK for: mermaid.cli@0.5.1 want: ^2.4.1
48 silly placeDep node_modules/mermaid.cli commander@2.20.3 OK for: mermaid.cli@0.5.1 want: ^2.15.1
49 silly placeDep node_modules/mermaid.cli puppeteer@1.20.0 OK for: mermaid.cli@0.5.1 want: ^1.4.0
50 silly fetch manifest ansi-styles@^3.2.1
51 silly fetch manifest escape-string-regexp@^1.0.5
52 silly fetch manifest supports-color@^5.3.0
53 silly fetch manifest debug@^4.1.0
54 silly fetch manifest extract-zip@^1.6.6
55 silly fetch manifest https-proxy-agent@^2.2.1
56 silly fetch manifest mime@^2.0.3
57 silly fetch manifest progress@^2.0.1
58 silly fetch manifest proxy-from-env@^1.0.0
59 silly fetch manifest rimraf@^2.6.1
60 silly fetch manifest ws@^6.1.0
61 http fetch GET 200 https://registry.npmjs.org/escape-string-regexp 51ms (cache miss)
62 http fetch GET 200 https://registry.npmjs.org/supports-color 123ms (cache miss)
63 http fetch GET 200 https://registry.npmjs.org/ansi-styles 162ms (cache miss)
64 http fetch GET 200 https://registry.npmjs.org/proxy-from-env 172ms (cache miss)
65 http fetch GET 200 https://registry.npmjs.org/mime 204ms (cache miss)
66 http fetch GET 200 https://registry.npmjs.org/progress 231ms (cache miss)
67 http fetch GET 200 https://registry.npmjs.org/https-proxy-agent 261ms (cache miss)
68 http fetch GET 200 https://registry.npmjs.org/rimraf 407ms (cache miss)
69 http fetch GET 200 https://registry.npmjs.org/ws 538ms (cache miss)
70 http fetch GET 200 https://registry.npmjs.org/extract-zip 550ms (cache miss)
71 http fetch GET 200 https://registry.npmjs.org/debug 600ms (cache miss)
72 timing idealTree:node_modules/mermaid.cli Completed in 608ms
73 silly placeDep node_modules/mermaid.cli ansi-styles@3.2.1 OK for: chalk@2.4.2 want: ^3.2.1
74 silly placeDep node_modules/mermaid.cli escape-string-regexp@1.0.5 OK for: chalk@2.4.2 want: ^1.0.5
75 silly placeDep node_modules/mermaid.cli supports-color@5.5.0 OK for: chalk@2.4.2 want: ^5.3.0
76 silly fetch manifest color-convert@^1.9.0
77 silly fetch manifest has-flag@^3.0.0
78 http fetch GET 200 https://registry.npmjs.org/has-flag 47ms (cache miss)
79 http fetch GET 200 https://registry.npmjs.org/color-convert 66ms (cache miss)
80 timing idealTree:node_modules/mermaid.cli/node_modules/chalk Completed in 78ms
81 silly placeDep node_modules/mermaid.cli color-convert@1.9.3 OK for: ansi-styles@3.2.1 want: ^1.9.0
82 silly fetch manifest color-name@1.1.3
83 http fetch GET 200 https://registry.npmjs.org/color-name 82ms (cache miss)
84 timing idealTree:node_modules/mermaid.cli/node_modules/ansi-styles Completed in 88ms
85 silly placeDep node_modules/mermaid.cli color-name@1.1.3 OK for: color-convert@1.9.3 want: 1.1.3
86 timing idealTree:node_modules/mermaid.cli/node_modules/color-convert Completed in 4ms
87 timing idealTree:node_modules/mermaid.cli/node_modules/color-name Completed in 0ms
88 timing idealTree:node_modules/mermaid.cli/node_modules/commander Completed in 0ms
89 timing idealTree:node_modules/mermaid.cli/node_modules/escape-string-regexp Completed in 0ms
90 silly placeDep node_modules/mermaid.cli debug@4.3.4 OK for: puppeteer@1.20.0 want: ^4.1.0
91 silly placeDep node_modules/mermaid.cli extract-zip@1.7.0 OK for: puppeteer@1.20.0 want: ^1.6.6
92 silly placeDep node_modules/mermaid.cli https-proxy-agent@2.2.4 OK for: puppeteer@1.20.0 want: ^2.2.1
93 silly placeDep node_modules/mermaid.cli mime@2.6.0 OK for: puppeteer@1.20.0 want: ^2.0.3
94 silly placeDep node_modules/mermaid.cli progress@2.0.3 OK for: puppeteer@1.20.0 want: ^2.0.1
95 silly placeDep node_modules/mermaid.cli proxy-from-env@1.1.0 OK for: puppeteer@1.20.0 want: ^1.0.0
96 silly placeDep node_modules/mermaid.cli rimraf@2.7.1 OK for: puppeteer@1.20.0 want: ^2.6.1
97 silly placeDep node_modules/mermaid.cli ws@6.2.2 OK for: puppeteer@1.20.0 want: ^6.1.0
98 silly fetch manifest ms@2.1.2
99 silly fetch manifest concat-stream@^1.6.2
100 silly fetch manifest debug@^2.6.9
101 silly fetch manifest mkdirp@^0.5.4
102 silly fetch manifest yauzl@^2.10.0
103 silly fetch manifest agent-base@^4.3.0
104 silly fetch manifest debug@^3.1.0
105 silly fetch manifest glob@^7.1.3
106 silly fetch manifest async-limiter@~1.0.0
107 http fetch GET 200 https://registry.npmjs.org/concat-stream 74ms (cache miss)
108 http fetch GET 200 https://registry.npmjs.org/async-limiter 114ms (cache miss)
109 http fetch GET 200 https://registry.npmjs.org/yauzl 163ms (cache miss)
110 http fetch GET 200 https://registry.npmjs.org/agent-base 163ms (cache miss)
111 http fetch GET 200 https://registry.npmjs.org/ms 168ms (cache miss)
112 http fetch GET 200 https://registry.npmjs.org/mkdirp 183ms (cache miss)
113 http fetch GET 200 https://registry.npmjs.org/glob 305ms (cache miss)
114 timing idealTree:node_modules/mermaid.cli/node_modules/puppeteer Completed in 327ms
115 silly placeDep node_modules/mermaid.cli ms@2.1.2 OK for: debug@4.3.4 want: 2.1.2
116 timing idealTree:node_modules/mermaid.cli/node_modules/debug Completed in 3ms
117 silly placeDep node_modules/mermaid.cli concat-stream@1.6.2 OK for: extract-zip@1.7.0 want: ^1.6.2
118 silly placeDep node_modules/mermaid.cli/node_modules/extract-zip debug@2.6.9 OK for: extract-zip@1.7.0 want: ^2.6.9
119 silly placeDep node_modules/mermaid.cli mkdirp@0.5.6 OK for: extract-zip@1.7.0 want: ^0.5.4
120 silly placeDep node_modules/mermaid.cli yauzl@2.10.0 OK for: extract-zip@1.7.0 want: ^2.10.0
121 silly fetch manifest buffer-from@^1.0.0
122 silly fetch manifest inherits@^2.0.3
123 silly fetch manifest readable-stream@^2.2.2
124 silly fetch manifest typedarray@^0.0.6
125 silly fetch manifest ms@2.0.0
126 silly fetch manifest minimist@^1.2.6
127 silly fetch manifest fd-slicer@~1.1.0
128 silly fetch manifest buffer-crc32@~0.2.3
129 http fetch GET 200 https://registry.npmjs.org/buffer-from 41ms (cache miss)
130 http fetch GET 200 https://registry.npmjs.org/inherits 53ms (cache miss)
131 http fetch GET 200 https://registry.npmjs.org/typedarray 52ms (cache miss)
132 http fetch GET 200 https://registry.npmjs.org/minimist 95ms (cache miss)
133 http fetch GET 200 https://registry.npmjs.org/buffer-crc32 94ms (cache miss)
134 http fetch GET 200 https://registry.npmjs.org/readable-stream 247ms (cache miss)
135 http fetch GET 200 https://registry.npmjs.org/fd-slicer 351ms (cache miss)
136 timing idealTree:node_modules/mermaid.cli/node_modules/extract-zip Completed in 363ms
137 silly placeDep node_modules/mermaid.cli buffer-from@1.1.2 OK for: concat-stream@1.6.2 want: ^1.0.0
138 silly placeDep node_modules/mermaid.cli inherits@2.0.4 OK for: concat-stream@1.6.2 want: ^2.0.3
139 silly placeDep node_modules/mermaid.cli readable-stream@2.3.8 OK for: concat-stream@1.6.2 want: ^2.2.2
140 silly placeDep node_modules/mermaid.cli typedarray@0.0.6 OK for: concat-stream@1.6.2 want: ^0.0.6
141 silly fetch manifest core-util-is@~1.0.0
142 silly fetch manifest isarray@~1.0.0
143 silly fetch manifest process-nextick-args@~2.0.0
144 silly fetch manifest safe-buffer@~5.1.1
145 silly fetch manifest string_decoder@~1.1.1
146 silly fetch manifest util-deprecate@~1.0.1
147 http fetch GET 200 https://registry.npmjs.org/safe-buffer 47ms (cache miss)
148 http fetch GET 200 https://registry.npmjs.org/process-nextick-args 62ms (cache miss)
149 http fetch GET 200 https://registry.npmjs.org/isarray 63ms (cache miss)
150 http fetch GET 200 https://registry.npmjs.org/core-util-is 69ms (cache miss)
151 http fetch GET 200 https://registry.npmjs.org/string_decoder 73ms (cache miss)
152 http fetch GET 200 https://registry.npmjs.org/util-deprecate 76ms (cache miss)
153 timing idealTree:node_modules/mermaid.cli/node_modules/concat-stream Completed in 91ms
154 timing idealTree:node_modules/mermaid.cli/node_modules/buffer-from Completed in 0ms
155 silly placeDep node_modules/mermaid.cli agent-base@4.3.0 OK for: https-proxy-agent@2.2.4 want: ^4.3.0
156 silly placeDep node_modules/mermaid.cli/node_modules/https-proxy-agent debug@3.2.7 OK for: https-proxy-agent@2.2.4 want: ^3.1.0
157 silly fetch manifest es6-promisify@^5.0.0
158 http fetch GET 200 https://registry.npmjs.org/es6-promisify 47ms (cache miss)
159 timing idealTree:node_modules/mermaid.cli/node_modules/https-proxy-agent Completed in 52ms
160 silly placeDep node_modules/mermaid.cli es6-promisify@5.0.0 OK for: agent-base@4.3.0 want: ^5.0.0
161 silly fetch manifest es6-promise@^4.0.3
162 http fetch GET 200 https://registry.npmjs.org/es6-promise 74ms (cache miss)
163 timing idealTree:node_modules/mermaid.cli/node_modules/agent-base Completed in 79ms
164 silly placeDep node_modules/mermaid.cli es6-promise@4.2.8 OK for: es6-promisify@5.0.0 want: ^4.0.3
165 timing idealTree:node_modules/mermaid.cli/node_modules/es6-promisify Completed in 2ms
166 timing idealTree:node_modules/mermaid.cli/node_modules/es6-promise Completed in 0ms
167 timing idealTree:node_modules/mermaid.cli/node_modules/inherits Completed in 0ms
168 timing idealTree:node_modules/mermaid.cli/node_modules/mime Completed in 0ms
169 silly placeDep node_modules/mermaid.cli minimist@1.2.8 OK for: mkdirp@0.5.6 want: ^1.2.6
170 timing idealTree:node_modules/mermaid.cli/node_modules/mkdirp Completed in 2ms
171 timing idealTree:node_modules/mermaid.cli/node_modules/minimist Completed in 0ms
172 timing idealTree:node_modules/mermaid.cli/node_modules/ms Completed in 0ms
173 timing idealTree:node_modules/mermaid.cli/node_modules/progress Completed in 0ms
174 timing idealTree:node_modules/mermaid.cli/node_modules/proxy-from-env Completed in 0ms
175 silly placeDep node_modules/mermaid.cli core-util-is@1.0.3 OK for: readable-stream@2.3.8 want: ~1.0.0
176 silly placeDep node_modules/mermaid.cli isarray@1.0.0 OK for: readable-stream@2.3.8 want: ~1.0.0
177 silly placeDep node_modules/mermaid.cli process-nextick-args@2.0.1 OK for: readable-stream@2.3.8 want: ~2.0.0
178 silly placeDep node_modules/mermaid.cli safe-buffer@5.1.2 OK for: readable-stream@2.3.8 want: ~5.1.1
179 silly placeDep node_modules/mermaid.cli string_decoder@1.1.1 OK for: readable-stream@2.3.8 want: ~1.1.1
180 silly placeDep node_modules/mermaid.cli util-deprecate@1.0.2 OK for: readable-stream@2.3.8 want: ~1.0.1
181 timing idealTree:node_modules/mermaid.cli/node_modules/readable-stream Completed in 7ms
182 timing idealTree:node_modules/mermaid.cli/node_modules/core-util-is Completed in 0ms
183 timing idealTree:node_modules/mermaid.cli/node_modules/isarray Completed in 0ms
184 timing idealTree:node_modules/mermaid.cli/node_modules/process-nextick-args Completed in 0ms
185 silly placeDep node_modules/mermaid.cli glob@7.2.3 OK for: rimraf@2.7.1 want: ^7.1.3
186 silly fetch manifest fs.realpath@^1.0.0
187 silly fetch manifest inflight@^1.0.4
188 silly fetch manifest minimatch@^3.1.1
189 silly fetch manifest once@^1.3.0
190 silly fetch manifest path-is-absolute@^1.0.0
191 http fetch GET 200 https://registry.npmjs.org/path-is-absolute 50ms (cache miss)
192 http fetch GET 200 https://registry.npmjs.org/inflight 53ms (cache miss)
193 http fetch GET 200 https://registry.npmjs.org/fs.realpath 72ms (cache miss)
194 http fetch GET 200 https://registry.npmjs.org/once 70ms (cache miss)
195 http fetch GET 200 https://registry.npmjs.org/minimatch 199ms (cache miss)
196 timing idealTree:node_modules/mermaid.cli/node_modules/rimraf Completed in 206ms
197 silly placeDep node_modules/mermaid.cli fs.realpath@1.0.0 OK for: glob@7.2.3 want: ^1.0.0
198 silly placeDep node_modules/mermaid.cli inflight@1.0.6 OK for: glob@7.2.3 want: ^1.0.4
199 silly placeDep node_modules/mermaid.cli minimatch@3.1.2 OK for: glob@7.2.3 want: ^3.1.1
200 silly placeDep node_modules/mermaid.cli once@1.4.0 OK for: glob@7.2.3 want: ^1.3.0
201 silly placeDep node_modules/mermaid.cli path-is-absolute@1.0.1 OK for: glob@7.2.3 want: ^1.0.0
202 silly fetch manifest wrappy@1
203 silly fetch manifest brace-expansion@^1.1.7
204 http fetch GET 200 https://registry.npmjs.org/wrappy 52ms (cache miss)
205 http fetch GET 200 https://registry.npmjs.org/brace-expansion 53ms (cache miss)
206 timing idealTree:node_modules/mermaid.cli/node_modules/glob Completed in 66ms
207 timing idealTree:node_modules/mermaid.cli/node_modules/fs.realpath Completed in 0ms
208 silly placeDep node_modules/mermaid.cli wrappy@1.0.2 OK for: inflight@1.0.6 want: 1
209 timing idealTree:node_modules/mermaid.cli/node_modules/inflight Completed in 3ms
210 silly placeDep node_modules/mermaid.cli brace-expansion@1.1.11 OK for: minimatch@3.1.2 want: ^1.1.7
211 silly fetch manifest balanced-match@^1.0.0
212 silly fetch manifest concat-map@0.0.1
213 http fetch GET 200 https://registry.npmjs.org/balanced-match 45ms (cache miss)
214 http fetch GET 200 https://registry.npmjs.org/concat-map 47ms (cache miss)
215 timing idealTree:node_modules/mermaid.cli/node_modules/minimatch Completed in 50ms
216 silly placeDep node_modules/mermaid.cli balanced-match@1.0.2 OK for: brace-expansion@1.1.11 want: ^1.0.0
217 silly placeDep node_modules/mermaid.cli concat-map@0.0.1 OK for: brace-expansion@1.1.11 want: 0.0.1
218 timing idealTree:node_modules/mermaid.cli/node_modules/brace-expansion Completed in 4ms
219 timing idealTree:node_modules/mermaid.cli/node_modules/balanced-match Completed in 0ms
220 timing idealTree:node_modules/mermaid.cli/node_modules/concat-map Completed in 0ms
221 timing idealTree:node_modules/mermaid.cli/node_modules/once Completed in 0ms
222 timing idealTree:node_modules/mermaid.cli/node_modules/path-is-absolute Completed in 0ms
223 timing idealTree:node_modules/mermaid.cli/node_modules/safe-buffer Completed in 0ms
224 timing idealTree:node_modules/mermaid.cli/node_modules/string_decoder Completed in 0ms
225 silly placeDep node_modules/mermaid.cli has-flag@3.0.0 OK for: supports-color@5.5.0 want: ^3.0.0
226 timing idealTree:node_modules/mermaid.cli/node_modules/supports-color Completed in 1ms
227 timing idealTree:node_modules/mermaid.cli/node_modules/has-flag Completed in 0ms
228 timing idealTree:node_modules/mermaid.cli/node_modules/typedarray Completed in 0ms
229 timing idealTree:node_modules/mermaid.cli/node_modules/util-deprecate Completed in 0ms
230 timing idealTree:node_modules/mermaid.cli/node_modules/wrappy Completed in 0ms
231 silly placeDep node_modules/mermaid.cli async-limiter@1.0.1 OK for: ws@6.2.2 want: ~1.0.0
232 timing idealTree:node_modules/mermaid.cli/node_modules/ws Completed in 1ms
233 timing idealTree:node_modules/mermaid.cli/node_modules/async-limiter Completed in 0ms
234 silly placeDep node_modules/mermaid.cli buffer-crc32@0.2.13 OK for: yauzl@2.10.0 want: ~0.2.3
235 silly placeDep node_modules/mermaid.cli fd-slicer@1.1.0 OK for: yauzl@2.10.0 want: ~1.1.0
236 silly fetch manifest pend@~1.2.0
237 http fetch GET 200 https://registry.npmjs.org/pend 495ms (cache miss)
238 timing idealTree:node_modules/mermaid.cli/node_modules/yauzl Completed in 499ms
239 timing idealTree:node_modules/mermaid.cli/node_modules/buffer-crc32 Completed in 0ms
240 silly placeDep node_modules/mermaid.cli pend@1.2.0 OK for: fd-slicer@1.1.0 want: ~1.2.0
241 timing idealTree:node_modules/mermaid.cli/node_modules/fd-slicer Completed in 3ms
242 timing idealTree:node_modules/mermaid.cli/node_modules/pend Completed in 0ms
243 silly placeDep node_modules/mermaid.cli/node_modules/extract-zip ms@2.0.0 OK for: debug@2.6.9 want: 2.0.0
244 timing idealTree:node_modules/mermaid.cli/node_modules/extract-zip/node_modules/debug Completed in 2ms
245 timing idealTree:node_modules/mermaid.cli/node_modules/extract-zip/node_modules/ms Completed in 0ms
246 timing idealTree:node_modules/mermaid.cli/node_modules/https-proxy-agent/node_modules/debug Completed in 0ms
247 timing idealTree:buildDeps Completed in 5583ms
248 timing idealTree:fixDepFlags Completed in 1ms
249 timing idealTree Completed in 5591ms
250 timing reify:loadTrees Completed in 5593ms
251 timing reify:diffTrees Completed in 2ms
252 silly reify moves {}
253 timing reify:retireShallow Completed in 1ms
254 timing reify:rollback:createSparse Completed in 0ms
255 timing reify:rollback:retireShallow Completed in 0ms
256 timing command:install Completed in 5611ms
257 notice
257 notice New [33mminor[39m version of npm available! [31m9.5.1[39m -> [32m9.8.0[39m
257 notice Changelog: [36mhttps://github.com/npm/cli/releases/tag/v9.8.0[39m
257 notice Run [32mnpm install -g npm@9.8.0[39m to update!
257 notice
258 verbose stack Error: EACCES: permission denied, mkdir '/usr/local/lib/node_modules/mermaid.cli'
259 verbose cwd /etc/apt/sources.list.d
260 verbose Linux 6.2.0-23-generic
261 verbose node v18.16.1
262 verbose npm  v9.5.1
263 error code EACCES
264 error syscall mkdir
265 error path /usr/local/lib/node_modules/mermaid.cli
266 error errno -13
267 error [Error: EACCES: permission denied, mkdir '/usr/local/lib/node_modules/mermaid.cli'] {
267 error   errno: -13,
267 error   code: 'EACCES',
267 error   syscall: 'mkdir',
267 error   path: '/usr/local/lib/node_modules/mermaid.cli'
267 error }
268 error
268 error The operation was rejected by your operating system.
268 error It is likely you do not have the permissions to access this file as the current user
268 error
268 error If you believe this might be a permissions issue, please double-check the
268 error permissions of the file and its containing directories, or try running
268 error the command again as root/Administrator.
269 verbose exit -13
270 timing npm Completed in 5636ms
271 verbose unfinished npm timer reify 1688963629953
272 verbose unfinished npm timer reify:createSparse 1688963635558
273 verbose code -13
274 error A complete log of this run can be found in:
274 error     /home/ppatoria/.npm/_logs/2023-07-10T04_33_49_928Z-debug-0.log
