0 verbose cli /snap/node/7588/bin/node /snap/node/7588/bin/npm
1 info using npm@9.5.1
2 info using node@v18.16.1
3 timing npm:load:whichnode Completed in 1ms
4 timing config:load:defaults Completed in 1ms
5 timing config:load:file:/snap/node/7588/lib/node_modules/npm/npmrc Completed in 1ms
6 timing config:load:builtin Completed in 1ms
7 timing config:load:cli Completed in 1ms
8 timing config:load:env Completed in 0ms
9 timing config:load:file:/etc/apt/sources.list.d/.npmrc Completed in 0ms
10 timing config:load:project Completed in 2ms
11 timing config:load:file:/home/ppatoria/.npmrc Completed in 0ms
12 timing config:load:user Completed in 0ms
13 timing config:load:file:/snap/node/7588/etc/npmrc Completed in 1ms
14 timing config:load:global Completed in 1ms
15 timing config:load:setEnvs Completed in 0ms
16 timing config:load Completed in 6ms
17 timing npm:load:configload Completed in 6ms
18 timing npm:load:mkdirpcache Completed in 0ms
19 timing npm:load:mkdirplogs Completed in 0ms
20 verbose title npm upgrade
21 verbose argv "upgrade"
22 timing npm:load:setTitle Completed in 1ms
23 timing config:load:flatten Completed in 2ms
24 timing npm:load:display Completed in 2ms
25 verbose logfile logs-max:10 dir:/home/ppatoria/.npm/_logs/2023-07-10T04_47_15_270Z-
26 verbose logfile /home/ppatoria/.npm/_logs/2023-07-10T04_47_15_270Z-debug-0.log
27 timing npm:load:logFile Completed in 3ms
28 timing npm:load:timers Completed in 0ms
29 timing npm:load:configScope Completed in 0ms
30 timing npm:load Completed in 14ms
31 timing config:load:flatten Completed in 0ms
32 timing arborist:ctor Completed in 1ms
33 silly logfile done cleaning log files
34 timing idealTree:init Completed in 5ms
35 timing idealTree:userRequests Completed in 0ms
36 silly idealTree buildDeps
37 timing idealTree:#root Completed in 0ms
38 timing idealTree:buildDeps Completed in 1ms
39 timing idealTree:fixDepFlags Completed in 0ms
40 timing idealTree Completed in 6ms
41 timing reify:loadTrees Completed in 8ms
42 timing reify:diffTrees Completed in 0ms
43 silly reify moves {}
44 timing reify:retireShallow Completed in 1ms
45 timing reify:createSparse Completed in 0ms
46 timing reify:loadBundles Completed in 0ms
47 timing reify:unpack Completed in 1ms
48 timing reify:unretire Completed in 0ms
49 timing build:queue Completed in 0ms
50 timing build:deps Completed in 0ms
51 timing build Completed in 0ms
52 timing reify:build Completed in 0ms
53 timing reify:trash Completed in 0ms
54 timing command:upgrade Completed in 18ms
55 verbose stack Error: EACCES: permission denied, open '/etc/apt/sources.list.d/package-lock.json'
56 verbose cwd /etc/apt/sources.list.d
57 verbose Linux 6.2.0-23-generic
58 verbose node v18.16.1
59 verbose npm  v9.5.1
60 error code EACCES
61 error syscall open
62 error path /etc/apt/sources.list.d/package-lock.json
63 error errno -13
64 error [Error: EACCES: permission denied, open '/etc/apt/sources.list.d/package-lock.json'] {
64 error   errno: -13,
64 error   code: 'EACCES',
64 error   syscall: 'open',
64 error   path: '/etc/apt/sources.list.d/package-lock.json'
64 error }
65 error
65 error The operation was rejected by your operating system.
65 error It is likely you do not have the permissions to access this file as the current user
65 error
65 error If you believe this might be a permissions issue, please double-check the
65 error permissions of the file and its containing directories, or try running
65 error the command again as root/Administrator.
66 verbose exit -13
67 timing npm Completed in 44ms
68 verbose unfinished npm timer reify 1688964435295
69 verbose unfinished npm timer reify:save 1688964435309
70 verbose code -13
71 error A complete log of this run can be found in:
71 error     /home/ppatoria/.npm/_logs/2023-07-10T04_47_15_270Z-debug-0.log
